[ 2018-11-06T14:34:56+08:00 ] ::1 /ThinkPHP/Home/View/getIp.html
ERR: 无法加载控制器:View

[ 2018-11-06T14:36:33+08:00 ] ::1 /ThinkPHP/Home/View/getIp1.html
ERR: 无法加载控制器:View

[ 2018-11-06T14:36:40+08:00 ] ::1 /ThinkPHP/index.php/Home/Home/verify.html
ERR: 无法加载控制器:Home

[ 2018-11-06T14:36:44+08:00 ] ::1 /ThinkPHP/index.php/Home/Home/verify.html
ERR: 无法加载控制器:Home

[ 2018-11-06T14:36:53+08:00 ] ::1 /ThinkPHP/index.php/Home/Home/verify.html
ERR: 无法加载控制器:Home

[ 2018-11-06T14:37:46+08:00 ] ::1 /ThinkPHP/index.php/Home/Home/getIp.html
ERR: 无法加载控制器:Home

[ 2018-11-06T14:37:50+08:00 ] ::1 /ThinkPHP/index.php/Home/Home/getIp.html
ERR: 无法加载控制器:Home

[ 2018-11-06T14:39:04+08:00 ] ::1 /ThinkPHP/index.php/Home/Home/verify.html
ERR: 无法加载控制器:Home

[ 2018-11-06T14:40:03+08:00 ] ::1 /ThinkPHP/index.php/Home/Home/verify.html
ERR: 无法加载控制器:Home

[ 2018-11-06T14:40:33+08:00 ] ::1 /ThinkPHP/index.php/Home/Home/verify.html
ERR: 无法加载控制器:Home

[ 2018-11-06T14:40:48+08:00 ] ::1 /ThinkPHP/index.php/Home/Home/verify.html
ERR: 无法加载控制器:Home

[ 2018-11-06T14:43:02+08:00 ] ::1 /ThinkPHP/index.php/Home/Index/verify1.html
ERR: 非法操作:verify1

[ 2018-11-06T17:20:52+08:00 ] ::1 /ThinkPHP/index.php/Home/Index/upload.html
ERR: 非法操作:upload

[ 2018-11-06T17:22:30+08:00 ] ::1 /ThinkPHP/index.php/Home/Index/upload.html
ERR: 非法操作:upload

[ 2018-11-06T17:22:36+08:00 ] ::1 /ThinkPHP/index.php/Home/Index/upload.html
ERR: 非法操作:upload

[ 2018-11-06T17:22:56+08:00 ] ::1 /ThinkPHP/index.php/Home/Index/upload.html
ERR: 非法操作:upload

[ 2018-11-06T17:24:42+08:00 ] ::1 /ThinkPHP/index.php/Home/Index/upload.html
ERR: 非法操作:upload

[ 2018-11-06T17:26:27+08:00 ] ::1 /ThinkPHP/index.php/Home/Index/upload.html
ERR: 非法操作:upload

[ 2018-11-06T17:27:52+08:00 ] ::1 /ThinkPHP/index.php/Home/Index/upload
ERR: 非法操作:upload

[ 2018-11-06T17:30:57+08:00 ] ::1 /ThinkPHP/index.php/Home/Index/upload
ERR: 非法操作:upload

[ 2018-11-06T18:31:24+08:00 ] ::1 /ThinkPHP/index.php/Home/Index/geIp.html
ERR: 非法操作:geIp

[ 2018-11-06T18:49:30+08:00 ] ::1 /ThinkPHP/index.php/Home/Index/resoponse
ERR: 非法操作:resoponse

[ 2018-11-06T18:49:35+08:00 ] ::1 /ThinkPHP/index.php/Home/Index/resoponse
ERR: 非法操作:resoponse

