[ 2018-11-02T16:09:53+08:00 ] ::1 /ThinkPHP/Home/index.php
ERR: 无法加载控制器:Index.php

[ 2018-11-02T16:12:10+08:00 ] ::1 /ThinkPHP/index.php/Home/Index/incex.html
ERR: 非法操作:incex

[ 2018-11-02T16:21:40+08:00 ] ::1 /ThinkPHP/index.php/Home/Index/upload
ERR: 非法操作:upload

[ 2018-11-02T16:34:13+08:00 ] ::1 /ThinkPHP/index.php/Home/Index/upload
ERR: 非法操作:upload

[ 2018-11-02T16:43:46+08:00 ] ::1 /ThinkPHP/index.php/Home/Index/upload
ERR: 非法操作:upload

[ 2018-11-02T16:43:57+08:00 ] ::1 /ThinkPHP/index.php/Home/Index/upload
ERR: 非法操作:upload

[ 2018-11-02T16:44:30+08:00 ] ::1 /ThinkPHP/index.php/Home/Index/upload
ERR: 非法操作:upload

[ 2018-11-02T16:44:42+08:00 ] ::1 /ThinkPHP/index.php/Home/Index/upload
ERR: 非法操作:upload

[ 2018-11-02T16:44:58+08:00 ] ::1 /ThinkPHP/index.php/Home/Index/upload
ERR: 非法操作:upload

[ 2018-11-02T16:45:21+08:00 ] ::1 /ThinkPHP/Home/updata
ERR: 无法加载控制器:Updata

[ 2018-11-02T16:54:07+08:00 ] ::1 /ThinkPHP/Home/updata
ERR: 无法加载控制器:Updata

[ 2018-11-02T16:54:13+08:00 ] ::1 /ThinkPHP/index.php/Home/Index/upload
ERR: 非法操作:upload

[ 2018-11-02T16:54:32+08:00 ] ::1 /ThinkPHP/index.php/Home/Index/upload
ERR: 非法操作:upload

[ 2018-11-02T16:54:41+08:00 ] ::1 /ThinkPHP/index.php/Home/Index/upload.html
ERR: 非法操作:upload

[ 2018-11-02T16:54:48+08:00 ] ::1 /ThinkPHP/index.php/Home/Index/upload
ERR: 非法操作:upload

[ 2018-11-02T16:54:49+08:00 ] ::1 /ThinkPHP/index.php/Home/Index/upload
ERR: 非法操作:upload

[ 2018-11-02T16:54:59+08:00 ] ::1 /ThinkPHP/index.php/Home/Index/incex.html
ERR: 非法操作:incex

[ 2018-11-02T16:56:19+08:00 ] ::1 /ThinkPHP/index.php/Home/Index/incex.html
ERR: 非法操作:incex

[ 2018-11-02T16:56:27+08:00 ] ::1 /ThinkPHP/index.php/Home/Index/incex.html
ERR: 非法操作:incex

